2026-01-25 13:46:22,372 | INFO | RUN_ID=1769348782
2026-01-25 13:46:22,372 | INFO | REPO_ROOT=/home/runner/work/goliath-auto-tool/goliath-auto-tool
2026-01-25 13:46:22,372 | INFO | SITE_DOMAIN=https://mikann20041029.github.io
2026-01-25 13:46:22,372 | INFO | ALLOW_ROOT_UPDATE=False
2026-01-25 13:46:22,372 | INFO | LEADS_TOTAL=100
2026-01-25 13:46:22,372 | INFO | HN_QUERY=how to fix error OR help OR cannot OR failed OR bug
2026-01-25 13:46:22,372 | INFO | HN_MAX=70
2026-01-25 13:46:22,373 | INFO | Bluesky: collecting up to 50
2026-01-25 13:46:22,586 | WARNING | Bluesky: session failed status=401 body={"error":"AuthenticationRequired","message":"Invalid identifier or password"}
2026-01-25 13:46:22,586 | INFO | Mastodon: collecting up to 100 from https://mastodon.social
2026-01-25 13:46:25,745 | INFO | Mastodon: collected 100
2026-01-25 13:46:25,745 | INFO | Reddit: public mode collecting up to 20
2026-01-25 13:46:26,275 | INFO | Reddit: collected 0
2026-01-25 13:46:26,446 | WARNING | X: search failed status=402 body={"account_id":2014321677820387328,"title":"CreditsDepleted","detail":"Your enrolled account [2014321677820387328] does not have any credits to fulfill this request.","type":"https://api.twitter.com/2/
2026-01-25 13:46:26,753 | INFO | HN: collected 0
2026-01-25 13:46:26,754 | INFO | Collected total=99 (Bluesky=0, Mastodon=100, Reddit=0, X=0, HN=0)
2026-01-25 13:46:26,754 | INFO | Clustering 99 posts (threshold=0.22)
2026-01-25 13:46:26,773 | INFO | Clusters: 93 (top sizes=[3, 2, 2, 2, 2, 1, 1, 1])
2026-01-25 13:46:26,776 | INFO | Chosen themes=5
2026-01-25 13:46:26,776 | INFO | Chosen themes forced=1 (seed)
2026-01-25 13:46:26,889 | INFO | Unsplash hero bg enabled.
